Build output check failed:
    Regex: 'argument .* is not valid'
    Output line: 'cc1: warning: ‘-Werror=’ argument ‘-Werror=non-virtual-dtor’ is not valid for C'
Compilation failed:
    source file: '/home/yukiorigane/catkin_kurione_ws/src/2021_Clione/OpenCV/build/CMakeFiles/CMakeTmp/src.c'
    check option: ' -fsigned-char -W -Wall -Werror=return-type  -Werror=non-virtual-dtor'
===== BUILD LOG =====
Change Dir: /home/yukiorigane/catkin_kurione_ws/src/2021_Clione/OpenCV/build/CMakeFiles/CMakeTmp

Run Build Command:"/usr/bin/make" "cmTC_16bc1/fast"
/usr/bin/make -f CMakeFiles/cmTC_16bc1.dir/build.make CMakeFiles/cmTC_16bc1.dir/build
make[1]: ディレクトリ '/home/yukiorigane/catkin_kurione_ws/src/2021_Clione/OpenCV/build/CMakeFiles/CMakeTmp' に入ります
Building C object CMakeFiles/cmTC_16bc1.dir/src.c.o
/usr/bin/cc   -O3 -DNDEBUG -fPIE   -fsigned-char -W -Wall -Werror=return-type -Werror=non-virtual-dtor -o CMakeFiles/cmTC_16bc1.dir/src.c.o   -c /home/yukiorigane/catkin_kurione_ws/src/2021_Clione/OpenCV/build/CMakeFiles/CMakeTmp/src.c
cc1: warning: ‘-Werror=’ argument ‘-Werror=non-virtual-dtor’ is not valid for C
/home/yukiorigane/catkin_kurione_ws/src/2021_Clione/OpenCV/build/CMakeFiles/CMakeTmp/src.c:1:0: warning: ignoring #pragma   [-Wunknown-pragmas]
 #pragma
 
Linking C executable cmTC_16bc1
/usr/bin/cmake -E cmake_link_script CMakeFiles/cmTC_16bc1.dir/link.txt --verbose=1
/usr/bin/cc   -O3 -DNDEBUG    CMakeFiles/cmTC_16bc1.dir/src.c.o  -o cmTC_16bc1 
make[1]: ディレクトリ '/home/yukiorigane/catkin_kurione_ws/src/2021_Clione/OpenCV/build/CMakeFiles/CMakeTmp' から出ます

===== END =====

Build output check failed:
    Regex: 'command[- ]line option .* is valid for .* but not for C\+\+'
    Output line: 'cc1plus: warning: command line option ‘-Wmissing-prototypes’ is valid for C/ObjC but not for C++'
Compilation failed:
    source file: '/home/yukiorigane/catkin_kurione_ws/src/2021_Clione/OpenCV/build/CMakeFiles/CMakeTmp/src.cxx'
    check option: ' -fsigned-char -W -Wall -Werror=return-type -Werror=non-virtual-dtor -Werror=address -Werror=sequence-point -Wformat -Werror=format-security -Wmissing-declarations  -Wmissing-prototypes'
===== BUILD LOG =====
Change Dir: /home/yukiorigane/catkin_kurione_ws/src/2021_Clione/OpenCV/build/CMakeFiles/CMakeTmp

Run Build Command:"/usr/bin/make" "cmTC_fca60/fast"
/usr/bin/make -f CMakeFiles/cmTC_fca60.dir/build.make CMakeFiles/cmTC_fca60.dir/build
make[1]: ディレクトリ '/home/yukiorigane/catkin_kurione_ws/src/2021_Clione/OpenCV/build/CMakeFiles/CMakeTmp' に入ります
Building CXX object CMakeFiles/cmTC_fca60.dir/src.cxx.o
/usr/bin/c++    -O3 -DNDEBUG -fPIE   -fsigned-char -W -Wall -Werror=return-type -Werror=non-virtual-dtor -Werror=address -Werror=sequence-point -Wformat -Werror=format-security -Wmissing-declarations -Wmissing-prototypes -std=c++11 -o CMakeFiles/cmTC_fca60.dir/src.cxx.o -c /home/yukiorigane/catkin_kurione_ws/src/2021_Clione/OpenCV/build/CMakeFiles/CMakeTmp/src.cxx
cc1plus: warning: command line option ‘-Wmissing-prototypes’ is valid for C/ObjC but not for C++
/home/yukiorigane/catkin_kurione_ws/src/2021_Clione/OpenCV/build/CMakeFiles/CMakeTmp/src.cxx:1:0: warning: ignoring #pragma   [-Wunknown-pragmas]
 #pragma
 
Linking CXX executable cmTC_fca60
/usr/bin/cmake -E cmake_link_script CMakeFiles/cmTC_fca60.dir/link.txt --verbose=1
/usr/bin/c++    -O3 -DNDEBUG    CMakeFiles/cmTC_fca60.dir/src.cxx.o  -o cmTC_fca60 
make[1]: ディレクトリ '/home/yukiorigane/catkin_kurione_ws/src/2021_Clione/OpenCV/build/CMakeFiles/CMakeTmp' から出ます

===== END =====

Build output check failed:
    Regex: 'command[- ]line option .* is valid for .* but not for C\+\+'
    Output line: 'cc1plus: warning: command line option ‘-Wstrict-prototypes’ is valid for C/ObjC but not for C++'
Compilation failed:
    source file: '/home/yukiorigane/catkin_kurione_ws/src/2021_Clione/OpenCV/build/CMakeFiles/CMakeTmp/src.cxx'
    check option: ' -fsigned-char -W -Wall -Werror=return-type -Werror=non-virtual-dtor -Werror=address -Werror=sequence-point -Wformat -Werror=format-security -Wmissing-declarations  -Wstrict-prototypes'
===== BUILD LOG =====
Change Dir: /home/yukiorigane/catkin_kurione_ws/src/2021_Clione/OpenCV/build/CMakeFiles/CMakeTmp

Run Build Command:"/usr/bin/make" "cmTC_5cbdf/fast"
/usr/bin/make -f CMakeFiles/cmTC_5cbdf.dir/build.make CMakeFiles/cmTC_5cbdf.dir/build
make[1]: ディレクトリ '/home/yukiorigane/catkin_kurione_ws/src/2021_Clione/OpenCV/build/CMakeFiles/CMakeTmp' に入ります
Building CXX object CMakeFiles/cmTC_5cbdf.dir/src.cxx.o
/usr/bin/c++    -O3 -DNDEBUG -fPIE   -fsigned-char -W -Wall -Werror=return-type -Werror=non-virtual-dtor -Werror=address -Werror=sequence-point -Wformat -Werror=format-security -Wmissing-declarations -Wstrict-prototypes -std=c++11 -o CMakeFiles/cmTC_5cbdf.dir/src.cxx.o -c /home/yukiorigane/catkin_kurione_ws/src/2021_Clione/OpenCV/build/CMakeFiles/CMakeTmp/src.cxx
cc1plus: warning: command line option ‘-Wstrict-prototypes’ is valid for C/ObjC but not for C++
/home/yukiorigane/catkin_kurione_ws/src/2021_Clione/OpenCV/build/CMakeFiles/CMakeTmp/src.cxx:1:0: warning: ignoring #pragma   [-Wunknown-pragmas]
 #pragma
 
Linking CXX executable cmTC_5cbdf
/usr/bin/cmake -E cmake_link_script CMakeFiles/cmTC_5cbdf.dir/link.txt --verbose=1
/usr/bin/c++    -O3 -DNDEBUG    CMakeFiles/cmTC_5cbdf.dir/src.cxx.o  -o cmTC_5cbdf 
make[1]: ディレクトリ '/home/yukiorigane/catkin_kurione_ws/src/2021_Clione/OpenCV/build/CMakeFiles/CMakeTmp' から出ます

===== END =====

Build output check failed:
    Regex: 'command[- ]line option .* is valid for .* but not for C'
    Output line: 'cc1: warning: command line option ‘-Wsign-promo’ is valid for C++/ObjC++ but not for C'
Compilation failed:
    source file: '/home/yukiorigane/catkin_kurione_ws/src/2021_Clione/OpenCV/build/CMakeFiles/CMakeTmp/src.c'
    check option: ' -fsigned-char -W -Wall -Werror=return-type -Werror=address -Werror=sequence-point -Wformat -Werror=format-security -Wmissing-declarations -Wmissing-prototypes -Wstrict-prototypes -Wundef -Winit-self -Wpointer-arith -Wshadow  -Wsign-promo'
===== BUILD LOG =====
Change Dir: /home/yukiorigane/catkin_kurione_ws/src/2021_Clione/OpenCV/build/CMakeFiles/CMakeTmp

Run Build Command:"/usr/bin/make" "cmTC_00be2/fast"
/usr/bin/make -f CMakeFiles/cmTC_00be2.dir/build.make CMakeFiles/cmTC_00be2.dir/build
make[1]: ディレクトリ '/home/yukiorigane/catkin_kurione_ws/src/2021_Clione/OpenCV/build/CMakeFiles/CMakeTmp' に入ります
Building C object CMakeFiles/cmTC_00be2.dir/src.c.o
/usr/bin/cc   -O3 -DNDEBUG -fPIE   -fsigned-char -W -Wall -Werror=return-type -Werror=address -Werror=sequence-point -Wformat -Werror=format-security -Wmissing-declarations -Wmissing-prototypes -Wstrict-prototypes -Wundef -Winit-self -Wpointer-arith -Wshadow -Wsign-promo -o CMakeFiles/cmTC_00be2.dir/src.c.o   -c /home/yukiorigane/catkin_kurione_ws/src/2021_Clione/OpenCV/build/CMakeFiles/CMakeTmp/src.c
cc1: warning: command line option ‘-Wsign-promo’ is valid for C++/ObjC++ but not for C
/home/yukiorigane/catkin_kurione_ws/src/2021_Clione/OpenCV/build/CMakeFiles/CMakeTmp/src.c:1:0: warning: ignoring #pragma   [-Wunknown-pragmas]
 #pragma
 
Linking C executable cmTC_00be2
/usr/bin/cmake -E cmake_link_script CMakeFiles/cmTC_00be2.dir/link.txt --verbose=1
/usr/bin/cc   -O3 -DNDEBUG    CMakeFiles/cmTC_00be2.dir/src.c.o  -o cmTC_00be2 
make[1]: ディレクトリ '/home/yukiorigane/catkin_kurione_ws/src/2021_Clione/OpenCV/build/CMakeFiles/CMakeTmp' から出ます

===== END =====

Build output check failed:
    Regex: 'command[- ]line option .* is valid for .* but not for C'
    Output line: 'cc1: warning: command line option ‘-Wsuggest-override’ is valid for C++/ObjC++ but not for C'
Compilation failed:
    source file: '/home/yukiorigane/catkin_kurione_ws/src/2021_Clione/OpenCV/build/CMakeFiles/CMakeTmp/src.c'
    check option: ' -fsigned-char -W -Wall -Werror=return-type -Werror=address -Werror=sequence-point -Wformat -Werror=format-security -Wmissing-declarations -Wmissing-prototypes -Wstrict-prototypes -Wundef -Winit-self -Wpointer-arith -Wshadow -Wuninitialized  -Wsuggest-override'
===== BUILD LOG =====
Change Dir: /home/yukiorigane/catkin_kurione_ws/src/2021_Clione/OpenCV/build/CMakeFiles/CMakeTmp

Run Build Command:"/usr/bin/make" "cmTC_c403d/fast"
/usr/bin/make -f CMakeFiles/cmTC_c403d.dir/build.make CMakeFiles/cmTC_c403d.dir/build
make[1]: ディレクトリ '/home/yukiorigane/catkin_kurione_ws/src/2021_Clione/OpenCV/build/CMakeFiles/CMakeTmp' に入ります
Building C object CMakeFiles/cmTC_c403d.dir/src.c.o
/usr/bin/cc   -O3 -DNDEBUG -fPIE   -fsigned-char -W -Wall -Werror=return-type -Werror=address -Werror=sequence-point -Wformat -Werror=format-security -Wmissing-declarations -Wmissing-prototypes -Wstrict-prototypes -Wundef -Winit-self -Wpointer-arith -Wshadow -Wuninitialized -Wsuggest-override -o CMakeFiles/cmTC_c403d.dir/src.c.o   -c /home/yukiorigane/catkin_kurione_ws/src/2021_Clione/OpenCV/build/CMakeFiles/CMakeTmp/src.c
cc1: warning: command line option ‘-Wsuggest-override’ is valid for C++/ObjC++ but not for C
/home/yukiorigane/catkin_kurione_ws/src/2021_Clione/OpenCV/build/CMakeFiles/CMakeTmp/src.c:1:0: warning: ignoring #pragma   [-Wunknown-pragmas]
 #pragma
 
Linking C executable cmTC_c403d
/usr/bin/cmake -E cmake_link_script CMakeFiles/cmTC_c403d.dir/link.txt --verbose=1
/usr/bin/cc   -O3 -DNDEBUG    CMakeFiles/cmTC_c403d.dir/src.c.o  -o cmTC_c403d 
make[1]: ディレクトリ '/home/yukiorigane/catkin_kurione_ws/src/2021_Clione/OpenCV/build/CMakeFiles/CMakeTmp' から出ます

===== END =====

Build output check failed:
    Regex: 'command[- ]line option .* is valid for .* but not for C'
    Output line: 'cc1: warning: command line option ‘-Wno-delete-non-virtual-dtor’ is valid for C++/ObjC++ but not for C'
Compilation failed:
    source file: '/home/yukiorigane/catkin_kurione_ws/src/2021_Clione/OpenCV/build/CMakeFiles/CMakeTmp/src.c'
    check option: ' -fsigned-char -W -Wall -Werror=return-type -Werror=address -Werror=sequence-point -Wformat -Werror=format-security -Wmissing-declarations -Wmissing-prototypes -Wstrict-prototypes -Wundef -Winit-self -Wpointer-arith -Wshadow -Wuninitialized  -Wno-delete-non-virtual-dtor'
===== BUILD LOG =====
Change Dir: /home/yukiorigane/catkin_kurione_ws/src/2021_Clione/OpenCV/build/CMakeFiles/CMakeTmp

Run Build Command:"/usr/bin/make" "cmTC_772f2/fast"
/usr/bin/make -f CMakeFiles/cmTC_772f2.dir/build.make CMakeFiles/cmTC_772f2.dir/build
make[1]: ディレクトリ '/home/yukiorigane/catkin_kurione_ws/src/2021_Clione/OpenCV/build/CMakeFiles/CMakeTmp' に入ります
Building C object CMakeFiles/cmTC_772f2.dir/src.c.o
/usr/bin/cc   -O3 -DNDEBUG -fPIE   -fsigned-char -W -Wall -Werror=return-type -Werror=address -Werror=sequence-point -Wformat -Werror=format-security -Wmissing-declarations -Wmissing-prototypes -Wstrict-prototypes -Wundef -Winit-self -Wpointer-arith -Wshadow -Wuninitialized -Wno-delete-non-virtual-dtor -o CMakeFiles/cmTC_772f2.dir/src.c.o   -c /home/yukiorigane/catkin_kurione_ws/src/2021_Clione/OpenCV/build/CMakeFiles/CMakeTmp/src.c
cc1: warning: command line option ‘-Wno-delete-non-virtual-dtor’ is valid for C++/ObjC++ but not for C
/home/yukiorigane/catkin_kurione_ws/src/2021_Clione/OpenCV/build/CMakeFiles/CMakeTmp/src.c:1:0: warning: ignoring #pragma   [-Wunknown-pragmas]
 #pragma
 
Linking C executable cmTC_772f2
/usr/bin/cmake -E cmake_link_script CMakeFiles/cmTC_772f2.dir/link.txt --verbose=1
/usr/bin/cc   -O3 -DNDEBUG    CMakeFiles/cmTC_772f2.dir/src.c.o  -o cmTC_772f2 
make[1]: ディレクトリ '/home/yukiorigane/catkin_kurione_ws/src/2021_Clione/OpenCV/build/CMakeFiles/CMakeTmp' から出ます

===== END =====

Build output check failed:
    Regex: 'unrecognized .*option'
    Output line: 'cc1plus: warning: unrecognized command line option ‘-Wno-unnamed-type-template-args’'
Compilation failed:
    source file: '/home/yukiorigane/catkin_kurione_ws/src/2021_Clione/OpenCV/build/CMakeFiles/CMakeTmp/src.cxx'
    check option: ' -fsigned-char -W -Wall -Werror=return-type -Werror=non-virtual-dtor -Werror=address -Werror=sequence-point -Wformat -Werror=format-security -Wmissing-declarations -Wundef -Winit-self -Wpointer-arith -Wshadow -Wsign-promo -Wuninitialized -Wsuggest-override -Wno-delete-non-virtual-dtor  -Wno-unnamed-type-template-args'
===== BUILD LOG =====
Change Dir: /home/yukiorigane/catkin_kurione_ws/src/2021_Clione/OpenCV/build/CMakeFiles/CMakeTmp

Run Build Command:"/usr/bin/make" "cmTC_9533f/fast"
/usr/bin/make -f CMakeFiles/cmTC_9533f.dir/build.make CMakeFiles/cmTC_9533f.dir/build
make[1]: ディレクトリ '/home/yukiorigane/catkin_kurione_ws/src/2021_Clione/OpenCV/build/CMakeFiles/CMakeTmp' に入ります
Building CXX object CMakeFiles/cmTC_9533f.dir/src.cxx.o
/usr/bin/c++    -O3 -DNDEBUG -fPIE   -fsigned-char -W -Wall -Werror=return-type -Werror=non-virtual-dtor -Werror=address -Werror=sequence-point -Wformat -Werror=format-security -Wmissing-declarations -Wundef -Winit-self -Wpointer-arith -Wshadow -Wsign-promo -Wuninitialized -Wsuggest-override -Wno-delete-non-virtual-dtor -Wno-unnamed-type-template-args -std=c++11 -o CMakeFiles/cmTC_9533f.dir/src.cxx.o -c /home/yukiorigane/catkin_kurione_ws/src/2021_Clione/OpenCV/build/CMakeFiles/CMakeTmp/src.cxx
/home/yukiorigane/catkin_kurione_ws/src/2021_Clione/OpenCV/build/CMakeFiles/CMakeTmp/src.cxx:1:0: warning: ignoring #pragma   [-Wunknown-pragmas]
 #pragma
 
cc1plus: warning: unrecognized command line option ‘-Wno-unnamed-type-template-args’
Linking CXX executable cmTC_9533f
/usr/bin/cmake -E cmake_link_script CMakeFiles/cmTC_9533f.dir/link.txt --verbose=1
/usr/bin/c++    -O3 -DNDEBUG    CMakeFiles/cmTC_9533f.dir/src.cxx.o  -o cmTC_9533f 
make[1]: ディレクトリ '/home/yukiorigane/catkin_kurione_ws/src/2021_Clione/OpenCV/build/CMakeFiles/CMakeTmp' から出ます

===== END =====

Build output check failed:
    Regex: 'unrecognized .*option'
    Output line: 'cc1: warning: unrecognized command line option ‘-Wno-unnamed-type-template-args’'
Compilation failed:
    source file: '/home/yukiorigane/catkin_kurione_ws/src/2021_Clione/OpenCV/build/CMakeFiles/CMakeTmp/src.c'
    check option: ' -fsigned-char -W -Wall -Werror=return-type -Werror=address -Werror=sequence-point -Wformat -Werror=format-security -Wmissing-declarations -Wmissing-prototypes -Wstrict-prototypes -Wundef -Winit-self -Wpointer-arith -Wshadow -Wuninitialized  -Wno-unnamed-type-template-args'
===== BUILD LOG =====
Change Dir: /home/yukiorigane/catkin_kurione_ws/src/2021_Clione/OpenCV/build/CMakeFiles/CMakeTmp

Run Build Command:"/usr/bin/make" "cmTC_c765f/fast"
/usr/bin/make -f CMakeFiles/cmTC_c765f.dir/build.make CMakeFiles/cmTC_c765f.dir/build
make[1]: ディレクトリ '/home/yukiorigane/catkin_kurione_ws/src/2021_Clione/OpenCV/build/CMakeFiles/CMakeTmp' に入ります
Building C object CMakeFiles/cmTC_c765f.dir/src.c.o
/usr/bin/cc   -O3 -DNDEBUG -fPIE   -fsigned-char -W -Wall -Werror=return-type -Werror=address -Werror=sequence-point -Wformat -Werror=format-security -Wmissing-declarations -Wmissing-prototypes -Wstrict-prototypes -Wundef -Winit-self -Wpointer-arith -Wshadow -Wuninitialized -Wno-unnamed-type-template-args -o CMakeFiles/cmTC_c765f.dir/src.c.o   -c /home/yukiorigane/catkin_kurione_ws/src/2021_Clione/OpenCV/build/CMakeFiles/CMakeTmp/src.c
/home/yukiorigane/catkin_kurione_ws/src/2021_Clione/OpenCV/build/CMakeFiles/CMakeTmp/src.c:1:0: warning: ignoring #pragma   [-Wunknown-pragmas]
 #pragma
 
cc1: warning: unrecognized command line option ‘-Wno-unnamed-type-template-args’
Linking C executable cmTC_c765f
/usr/bin/cmake -E cmake_link_script CMakeFiles/cmTC_c765f.dir/link.txt --verbose=1
/usr/bin/cc   -O3 -DNDEBUG    CMakeFiles/cmTC_c765f.dir/src.c.o  -o cmTC_c765f 
make[1]: ディレクトリ '/home/yukiorigane/catkin_kurione_ws/src/2021_Clione/OpenCV/build/CMakeFiles/CMakeTmp' から出ます

===== END =====

Build output check failed:
    Regex: 'command[- ]line option .* is valid for .* but not for C'
    Output line: 'cc1: warning: command line option ‘-fvisibility-inlines-hidden’ is valid for C++/ObjC++ but not for C'
Compilation failed:
    source file: '/home/yukiorigane/catkin_kurione_ws/src/2021_Clione/OpenCV/build/CMakeFiles/CMakeTmp/src.c'
    check option: ' -fsigned-char -W -Wall -Werror=return-type -Werror=address -Werror=sequence-point -Wformat -Werror=format-security -Wmissing-declarations -Wmissing-prototypes -Wstrict-prototypes -Wundef -Winit-self -Wpointer-arith -Wshadow -Wuninitialized -Wno-comment -Wimplicit-fallthrough=3 -Wno-strict-overflow -fdiagnostics-show-option -Wno-long-long -pthread -fomit-frame-pointer -ffunction-sections -fdata-sections  -msse -msse2 -msse3 -fvisibility=hidden  -fvisibility-inlines-hidden'
===== BUILD LOG =====
Change Dir: /home/yukiorigane/catkin_kurione_ws/src/2021_Clione/OpenCV/build/CMakeFiles/CMakeTmp

Run Build Command:"/usr/bin/make" "cmTC_aa4f2/fast"
/usr/bin/make -f CMakeFiles/cmTC_aa4f2.dir/build.make CMakeFiles/cmTC_aa4f2.dir/build
make[1]: ディレクトリ '/home/yukiorigane/catkin_kurione_ws/src/2021_Clione/OpenCV/build/CMakeFiles/CMakeTmp' に入ります
Building C object CMakeFiles/cmTC_aa4f2.dir/src.c.o
/usr/bin/cc   -O3 -DNDEBUG -fPIE   -fsigned-char -W -Wall -Werror=return-type -Werror=address -Werror=sequence-point -Wformat -Werror=format-security -Wmissing-declarations -Wmissing-prototypes -Wstrict-prototypes -Wundef -Winit-self -Wpointer-arith -Wshadow -Wuninitialized -Wno-comment -Wimplicit-fallthrough=3 -Wno-strict-overflow -fdiagnostics-show-option -Wno-long-long -pthread -fomit-frame-pointer -ffunction-sections -fdata-sections -msse -msse2 -msse3 -fvisibility=hidden -fvisibility-inlines-hidden -o CMakeFiles/cmTC_aa4f2.dir/src.c.o   -c /home/yukiorigane/catkin_kurione_ws/src/2021_Clione/OpenCV/build/CMakeFiles/CMakeTmp/src.c
cc1: warning: command line option ‘-fvisibility-inlines-hidden’ is valid for C++/ObjC++ but not for C
/home/yukiorigane/catkin_kurione_ws/src/2021_Clione/OpenCV/build/CMakeFiles/CMakeTmp/src.c:1:0: warning: ignoring #pragma   [-Wunknown-pragmas]
 #pragma
 
Linking C executable cmTC_aa4f2
/usr/bin/cmake -E cmake_link_script CMakeFiles/cmTC_aa4f2.dir/link.txt --verbose=1
/usr/bin/cc   -O3 -DNDEBUG    CMakeFiles/cmTC_aa4f2.dir/src.c.o  -o cmTC_aa4f2 
make[1]: ディレクトリ '/home/yukiorigane/catkin_kurione_ws/src/2021_Clione/OpenCV/build/CMakeFiles/CMakeTmp' から出ます

===== END =====

Build output check failed:
    Regex: 'unrecognized .*option'
    Output line: 'cc1plus: warning: unrecognized command line option ‘-Wno-inconsistent-missing-override’'
Compilation failed:
    source file: '/home/yukiorigane/catkin_kurione_ws/src/2021_Clione/OpenCV/build/CMakeFiles/CMakeTmp/src.cxx'
    check option: ' -Wno-inconsistent-missing-override'
===== BUILD LOG =====
Change Dir: /home/yukiorigane/catkin_kurione_ws/src/2021_Clione/OpenCV/build/CMakeFiles/CMakeTmp

Run Build Command:"/usr/bin/make" "cmTC_fc860/fast"
/usr/bin/make -f CMakeFiles/cmTC_fc860.dir/build.make CMakeFiles/cmTC_fc860.dir/build
make[1]: ディレクトリ '/home/yukiorigane/catkin_kurione_ws/src/2021_Clione/OpenCV/build/CMakeFiles/CMakeTmp' に入ります
Building CXX object CMakeFiles/cmTC_fc860.dir/src.cxx.o
/usr/bin/c++    -fsigned-char -W -Wall -Werror=return-type -Werror=non-virtual-dtor -Werror=address -Werror=sequence-point -Wformat -Werror=format-security -Winit-self -Wpointer-arith -Wsign-promo -Wno-delete-non-virtual-dtor -Wno-comment -Wimplicit-fallthrough=3 -Wno-strict-overflow -fdiagnostics-show-option -Wno-long-long -pthread -fomit-frame-pointer -ffunction-sections -fdata-sections  -msse -msse2 -msse3 -fvisibility=hidden -fvisibility-inlines-hidden -Wno-shadow -Wno-unused -Wno-sign-compare -Wno-undef -Wno-missing-declarations -Wno-uninitialized -Wno-switch -Wno-parentheses -Wno-array-bounds -Wno-extra -Wno-deprecated-declarations -Wno-misleading-indentation -Wno-deprecated -Wno-suggest-override  -O3 -DNDEBUG  -DNDEBUG -fPIE   -Wno-inconsistent-missing-override -std=c++11 -o CMakeFiles/cmTC_fc860.dir/src.cxx.o -c /home/yukiorigane/catkin_kurione_ws/src/2021_Clione/OpenCV/build/CMakeFiles/CMakeTmp/src.cxx
/home/yukiorigane/catkin_kurione_ws/src/2021_Clione/OpenCV/build/CMakeFiles/CMakeTmp/src.cxx:1:0: warning: ignoring #pragma   [-Wunknown-pragmas]
 #pragma
 
cc1plus: warning: unrecognized command line option ‘-Wno-inconsistent-missing-override’
Linking CXX executable cmTC_fc860
/usr/bin/cmake -E cmake_link_script CMakeFiles/cmTC_fc860.dir/link.txt --verbose=1
/usr/bin/c++     -fsigned-char -W -Wall -Werror=return-type -Werror=non-virtual-dtor -Werror=address -Werror=sequence-point -Wformat -Werror=format-security -Winit-self -Wpointer-arith -Wsign-promo -Wno-delete-non-virtual-dtor -Wno-comment -Wimplicit-fallthrough=3 -Wno-strict-overflow -fdiagnostics-show-option -Wno-long-long -pthread -fomit-frame-pointer -ffunction-sections -fdata-sections  -msse -msse2 -msse3 -fvisibility=hidden -fvisibility-inlines-hidden -Wno-shadow -Wno-unused -Wno-sign-compare -Wno-undef -Wno-missing-declarations -Wno-uninitialized -Wno-switch -Wno-parentheses -Wno-array-bounds -Wno-extra -Wno-deprecated-declarations -Wno-misleading-indentation -Wno-deprecated -Wno-suggest-override  -O3 -DNDEBUG  -DNDEBUG    -Wl,--gc-sections -Wl,--as-needed  CMakeFiles/cmTC_fc860.dir/src.cxx.o  -o cmTC_fc860 
make[1]: ディレクトリ '/home/yukiorigane/catkin_kurione_ws/src/2021_Clione/OpenCV/build/CMakeFiles/CMakeTmp' から出ます

===== END =====

Build output check failed:
    Regex: 'command[- ]line option .* is valid for .* but not for C\+\+'
    Output line: 'cc1plus: warning: command line option ‘-Wno-missing-prototypes’ is valid for C/ObjC but not for C++'
Compilation failed:
    source file: '/home/yukiorigane/catkin_kurione_ws/src/2021_Clione/OpenCV/build/CMakeFiles/CMakeTmp/src.cxx'
    check option: ' -Wno-missing-prototypes'
===== BUILD LOG =====
Change Dir: /home/yukiorigane/catkin_kurione_ws/src/2021_Clione/OpenCV/build/CMakeFiles/CMakeTmp

Run Build Command:"/usr/bin/make" "cmTC_6b827/fast"
/usr/bin/make -f CMakeFiles/cmTC_6b827.dir/build.make CMakeFiles/cmTC_6b827.dir/build
make[1]: ディレクトリ '/home/yukiorigane/catkin_kurione_ws/src/2021_Clione/OpenCV/build/CMakeFiles/CMakeTmp' に入ります
Building CXX object CMakeFiles/cmTC_6b827.dir/src.cxx.o
/usr/bin/c++    -fsigned-char -W -Wall -Werror=return-type -Werror=non-virtual-dtor -Werror=address -Werror=sequence-point -Wformat -Werror=format-security -Winit-self -Wpointer-arith -Wsign-promo -Wno-delete-non-virtual-dtor -Wno-comment -Wno-strict-overflow -fdiagnostics-show-option -Wno-long-long -pthread -fomit-frame-pointer -ffunction-sections -fdata-sections  -msse -msse2 -msse3 -fvisibility=hidden -fvisibility-inlines-hidden -Wno-shadow -Wno-unused -Wno-sign-compare -Wno-undef -Wno-missing-declarations -Wno-uninitialized -Wno-switch -Wno-parentheses -Wno-array-bounds -Wno-extra -Wno-deprecated-declarations -Wno-misleading-indentation -Wno-deprecated -Wno-suggest-override -Wno-implicit-fallthrough -Wno-tautological-compare  -O3 -DNDEBUG  -DNDEBUG -fPIE   -Wno-missing-prototypes -std=c++11 -o CMakeFiles/cmTC_6b827.dir/src.cxx.o -c /home/yukiorigane/catkin_kurione_ws/src/2021_Clione/OpenCV/build/CMakeFiles/CMakeTmp/src.cxx
cc1plus: warning: command line option ‘-Wno-missing-prototypes’ is valid for C/ObjC but not for C++
/home/yukiorigane/catkin_kurione_ws/src/2021_Clione/OpenCV/build/CMakeFiles/CMakeTmp/src.cxx:1:0: warning: ignoring #pragma   [-Wunknown-pragmas]
 #pragma
 
Linking CXX executable cmTC_6b827
/usr/bin/cmake -E cmake_link_script CMakeFiles/cmTC_6b827.dir/link.txt --verbose=1
/usr/bin/c++     -fsigned-char -W -Wall -Werror=return-type -Werror=non-virtual-dtor -Werror=address -Werror=sequence-point -Wformat -Werror=format-security -Winit-self -Wpointer-arith -Wsign-promo -Wno-delete-non-virtual-dtor -Wno-comment -Wno-strict-overflow -fdiagnostics-show-option -Wno-long-long -pthread -fomit-frame-pointer -ffunction-sections -fdata-sections  -msse -msse2 -msse3 -fvisibility=hidden -fvisibility-inlines-hidden -Wno-shadow -Wno-unused -Wno-sign-compare -Wno-undef -Wno-missing-declarations -Wno-uninitialized -Wno-switch -Wno-parentheses -Wno-array-bounds -Wno-extra -Wno-deprecated-declarations -Wno-misleading-indentation -Wno-deprecated -Wno-suggest-override -Wno-implicit-fallthrough -Wno-tautological-compare  -O3 -DNDEBUG  -DNDEBUG    -Wl,--gc-sections -Wl,--as-needed  CMakeFiles/cmTC_6b827.dir/src.cxx.o  -o cmTC_6b827 
make[1]: ディレクトリ '/home/yukiorigane/catkin_kurione_ws/src/2021_Clione/OpenCV/build/CMakeFiles/CMakeTmp' から出ます

===== END =====

Build output check failed:
    Regex: 'unrecognized .*option'
    Output line: 'cc1plus: warning: unrecognized command line option ‘-Wno-implicit-const-int-float-conversion’'
Compilation failed:
    source file: '/home/yukiorigane/catkin_kurione_ws/src/2021_Clione/OpenCV/build/CMakeFiles/CMakeTmp/src.cxx'
    check option: ' -Wno-implicit-const-int-float-conversion'
===== BUILD LOG =====
Change Dir: /home/yukiorigane/catkin_kurione_ws/src/2021_Clione/OpenCV/build/CMakeFiles/CMakeTmp

Run Build Command:"/usr/bin/make" "cmTC_63f04/fast"
/usr/bin/make -f CMakeFiles/cmTC_63f04.dir/build.make CMakeFiles/cmTC_63f04.dir/build
make[1]: ディレクトリ '/home/yukiorigane/catkin_kurione_ws/src/2021_Clione/OpenCV/build/CMakeFiles/CMakeTmp' に入ります
Building CXX object CMakeFiles/cmTC_63f04.dir/src.cxx.o
/usr/bin/c++    -fsigned-char -W -Wall -Werror=return-type -Werror=non-virtual-dtor -Werror=address -Werror=sequence-point -Wformat -Werror=format-security -Winit-self -Wpointer-arith -Wsign-promo -Wno-delete-non-virtual-dtor -Wno-comment -Wno-strict-overflow -fdiagnostics-show-option -Wno-long-long -pthread -fomit-frame-pointer -ffunction-sections -fdata-sections  -msse -msse2 -msse3 -fvisibility=hidden -fvisibility-inlines-hidden -Wno-shadow -Wno-unused -Wno-sign-compare -Wno-undef -Wno-missing-declarations -Wno-uninitialized -Wno-switch -Wno-parentheses -Wno-array-bounds -Wno-extra -Wno-deprecated-declarations -Wno-misleading-indentation -Wno-deprecated -Wno-suggest-override -Wno-implicit-fallthrough -Wno-tautological-compare -Wno-reorder -Wno-unused-result  -O3 -DNDEBUG  -DNDEBUG -fPIE   -Wno-implicit-const-int-float-conversion -std=c++11 -o CMakeFiles/cmTC_63f04.dir/src.cxx.o -c /home/yukiorigane/catkin_kurione_ws/src/2021_Clione/OpenCV/build/CMakeFiles/CMakeTmp/src.cxx
/home/yukiorigane/catkin_kurione_ws/src/2021_Clione/OpenCV/build/CMakeFiles/CMakeTmp/src.cxx:1:0: warning: ignoring #pragma   [-Wunknown-pragmas]
 #pragma
 
cc1plus: warning: unrecognized command line option ‘-Wno-implicit-const-int-float-conversion’
Linking CXX executable cmTC_63f04
/usr/bin/cmake -E cmake_link_script CMakeFiles/cmTC_63f04.dir/link.txt --verbose=1
/usr/bin/c++     -fsigned-char -W -Wall -Werror=return-type -Werror=non-virtual-dtor -Werror=address -Werror=sequence-point -Wformat -Werror=format-security -Winit-self -Wpointer-arith -Wsign-promo -Wno-delete-non-virtual-dtor -Wno-comment -Wno-strict-overflow -fdiagnostics-show-option -Wno-long-long -pthread -fomit-frame-pointer -ffunction-sections -fdata-sections  -msse -msse2 -msse3 -fvisibility=hidden -fvisibility-inlines-hidden -Wno-shadow -Wno-unused -Wno-sign-compare -Wno-undef -Wno-missing-declarations -Wno-uninitialized -Wno-switch -Wno-parentheses -Wno-array-bounds -Wno-extra -Wno-deprecated-declarations -Wno-misleading-indentation -Wno-deprecated -Wno-suggest-override -Wno-implicit-fallthrough -Wno-tautological-compare -Wno-reorder -Wno-unused-result  -O3 -DNDEBUG  -DNDEBUG    -Wl,--gc-sections -Wl,--as-needed  CMakeFiles/cmTC_63f04.dir/src.cxx.o  -o cmTC_63f04 
make[1]: ディレクトリ '/home/yukiorigane/catkin_kurione_ws/src/2021_Clione/OpenCV/build/CMakeFiles/CMakeTmp' から出ます

===== END =====

Build output check failed:
    Regex: 'unrecognized .*option'
    Output line: 'cc1plus: warning: unrecognized command line option ‘-Wno-tautological-undefined-compare’'
Compilation failed:
    source file: '/home/yukiorigane/catkin_kurione_ws/src/2021_Clione/OpenCV/build/CMakeFiles/CMakeTmp/src.cxx'
    check option: ' -Wno-tautological-undefined-compare'
===== BUILD LOG =====
Change Dir: /home/yukiorigane/catkin_kurione_ws/src/2021_Clione/OpenCV/build/CMakeFiles/CMakeTmp

Run Build Command:"/usr/bin/make" "cmTC_6c9b6/fast"
/usr/bin/make -f CMakeFiles/cmTC_6c9b6.dir/build.make CMakeFiles/cmTC_6c9b6.dir/build
make[1]: ディレクトリ '/home/yukiorigane/catkin_kurione_ws/src/2021_Clione/OpenCV/build/CMakeFiles/CMakeTmp' に入ります
Building CXX object CMakeFiles/cmTC_6c9b6.dir/src.cxx.o
/usr/bin/c++    -fsigned-char -W -Wall -Werror=return-type -Werror=non-virtual-dtor -Werror=address -Werror=sequence-point -Wformat -Werror=format-security -Winit-self -Wpointer-arith -Wuninitialized -Wsuggest-override -Wno-delete-non-virtual-dtor -Wno-comment -Wimplicit-fallthrough=3 -Wno-strict-overflow -fdiagnostics-show-option -Wno-long-long -pthread -fomit-frame-pointer -ffunction-sections -fdata-sections  -msse -msse2 -msse3 -fvisibility=hidden -fvisibility-inlines-hidden -Wno-deprecated -Wno-missing-declarations -Wno-shadow -Wno-unused-parameter -Wno-unused-local-typedefs -Wno-sign-compare -Wno-sign-promo -Wno-undef  -O3 -DNDEBUG  -DNDEBUG -fPIE   -Wno-tautological-undefined-compare -std=c++11 -o CMakeFiles/cmTC_6c9b6.dir/src.cxx.o -c /home/yukiorigane/catkin_kurione_ws/src/2021_Clione/OpenCV/build/CMakeFiles/CMakeTmp/src.cxx
/home/yukiorigane/catkin_kurione_ws/src/2021_Clione/OpenCV/build/CMakeFiles/CMakeTmp/src.cxx:1:0: warning: ignoring #pragma   [-Wunknown-pragmas]
 #pragma
 
cc1plus: warning: unrecognized command line option ‘-Wno-tautological-undefined-compare’
Linking CXX executable cmTC_6c9b6
/usr/bin/cmake -E cmake_link_script CMakeFiles/cmTC_6c9b6.dir/link.txt --verbose=1
/usr/bin/c++     -fsigned-char -W -Wall -Werror=return-type -Werror=non-virtual-dtor -Werror=address -Werror=sequence-point -Wformat -Werror=format-security -Winit-self -Wpointer-arith -Wuninitialized -Wsuggest-override -Wno-delete-non-virtual-dtor -Wno-comment -Wimplicit-fallthrough=3 -Wno-strict-overflow -fdiagnostics-show-option -Wno-long-long -pthread -fomit-frame-pointer -ffunction-sections -fdata-sections  -msse -msse2 -msse3 -fvisibility=hidden -fvisibility-inlines-hidden -Wno-deprecated -Wno-missing-declarations -Wno-shadow -Wno-unused-parameter -Wno-unused-local-typedefs -Wno-sign-compare -Wno-sign-promo -Wno-undef  -O3 -DNDEBUG  -DNDEBUG    -Wl,--gc-sections -Wl,--as-needed  CMakeFiles/cmTC_6c9b6.dir/src.cxx.o  -o cmTC_6c9b6 
make[1]: ディレクトリ '/home/yukiorigane/catkin_kurione_ws/src/2021_Clione/OpenCV/build/CMakeFiles/CMakeTmp' から出ます

===== END =====

Build output check failed:
    Regex: 'unrecognized .*option'
    Output line: 'cc1plus: warning: unrecognized command line option ‘-Wno-shorten-64-to-32’'
Compilation failed:
    source file: '/home/yukiorigane/catkin_kurione_ws/src/2021_Clione/OpenCV/build/CMakeFiles/CMakeTmp/src.cxx'
    check option: ' -Wno-shorten-64-to-32'
===== BUILD LOG =====
Change Dir: /home/yukiorigane/catkin_kurione_ws/src/2021_Clione/OpenCV/build/CMakeFiles/CMakeTmp

Run Build Command:"/usr/bin/make" "cmTC_f8f9c/fast"
/usr/bin/make -f CMakeFiles/cmTC_f8f9c.dir/build.make CMakeFiles/cmTC_f8f9c.dir/build
make[1]: ディレクトリ '/home/yukiorigane/catkin_kurione_ws/src/2021_Clione/OpenCV/build/CMakeFiles/CMakeTmp' に入ります
Building CXX object CMakeFiles/cmTC_f8f9c.dir/src.cxx.o
/usr/bin/c++    -fsigned-char -W -Wall -Werror=return-type -Werror=non-virtual-dtor -Werror=address -Werror=sequence-point -Wformat -Werror=format-security -Winit-self -Wpointer-arith -Wuninitialized -Wsuggest-override -Wno-delete-non-virtual-dtor -Wno-comment -Wimplicit-fallthrough=3 -Wno-strict-overflow -fdiagnostics-show-option -Wno-long-long -pthread -fomit-frame-pointer -ffunction-sections -fdata-sections  -msse -msse2 -msse3 -fvisibility=hidden -fvisibility-inlines-hidden -Wno-deprecated -Wno-missing-declarations -Wno-shadow -Wno-unused-parameter -Wno-unused-local-typedefs -Wno-sign-compare -Wno-sign-promo -Wno-undef -Wno-ignored-qualifiers -Wno-extra -Wno-unused-function -Wno-unused-const-variable  -O3 -DNDEBUG  -DNDEBUG -fPIE   -Wno-shorten-64-to-32 -std=c++11 -o CMakeFiles/cmTC_f8f9c.dir/src.cxx.o -c /home/yukiorigane/catkin_kurione_ws/src/2021_Clione/OpenCV/build/CMakeFiles/CMakeTmp/src.cxx
/home/yukiorigane/catkin_kurione_ws/src/2021_Clione/OpenCV/build/CMakeFiles/CMakeTmp/src.cxx:1:0: warning: ignoring #pragma   [-Wunknown-pragmas]
 #pragma
 
cc1plus: warning: unrecognized command line option ‘-Wno-shorten-64-to-32’
Linking CXX executable cmTC_f8f9c
/usr/bin/cmake -E cmake_link_script CMakeFiles/cmTC_f8f9c.dir/link.txt --verbose=1
/usr/bin/c++     -fsigned-char -W -Wall -Werror=return-type -Werror=non-virtual-dtor -Werror=address -Werror=sequence-point -Wformat -Werror=format-security -Winit-self -Wpointer-arith -Wuninitialized -Wsuggest-override -Wno-delete-non-virtual-dtor -Wno-comment -Wimplicit-fallthrough=3 -Wno-strict-overflow -fdiagnostics-show-option -Wno-long-long -pthread -fomit-frame-pointer -ffunction-sections -fdata-sections  -msse -msse2 -msse3 -fvisibility=hidden -fvisibility-inlines-hidden -Wno-deprecated -Wno-missing-declarations -Wno-shadow -Wno-unused-parameter -Wno-unused-local-typedefs -Wno-sign-compare -Wno-sign-promo -Wno-undef -Wno-ignored-qualifiers -Wno-extra -Wno-unused-function -Wno-unused-const-variable  -O3 -DNDEBUG  -DNDEBUG    -Wl,--gc-sections -Wl,--as-needed  CMakeFiles/cmTC_f8f9c.dir/src.cxx.o  -o cmTC_f8f9c 
make[1]: ディレクトリ '/home/yukiorigane/catkin_kurione_ws/src/2021_Clione/OpenCV/build/CMakeFiles/CMakeTmp' から出ます

===== END =====

Build output check failed:
    Regex: 'unrecognized .*option'
    Output line: 'cc1plus: warning: unrecognized command line option ‘-Wno-enum-compare-switch’'
Compilation failed:
    source file: '/home/yukiorigane/catkin_kurione_ws/src/2021_Clione/OpenCV/build/CMakeFiles/CMakeTmp/src.cxx'
    check option: ' -Wno-enum-compare-switch'
===== BUILD LOG =====
Change Dir: /home/yukiorigane/catkin_kurione_ws/src/2021_Clione/OpenCV/build/CMakeFiles/CMakeTmp

Run Build Command:"/usr/bin/make" "cmTC_a83ea/fast"
/usr/bin/make -f CMakeFiles/cmTC_a83ea.dir/build.make CMakeFiles/cmTC_a83ea.dir/build
make[1]: ディレクトリ '/home/yukiorigane/catkin_kurione_ws/src/2021_Clione/OpenCV/build/CMakeFiles/CMakeTmp' に入ります
Building CXX object CMakeFiles/cmTC_a83ea.dir/src.cxx.o
/usr/bin/c++    -fsigned-char -W -Wall -Werror=return-type -Werror=non-virtual-dtor -Werror=address -Werror=sequence-point -Wformat -Werror=format-security -Winit-self -Wpointer-arith -Wuninitialized -Wsuggest-override -Wno-delete-non-virtual-dtor -Wno-comment -Wimplicit-fallthrough=3 -Wno-strict-overflow -fdiagnostics-show-option -Wno-long-long -pthread -fomit-frame-pointer -ffunction-sections -fdata-sections  -msse -msse2 -msse3 -fvisibility=hidden -fvisibility-inlines-hidden -Wno-deprecated -Wno-missing-declarations -Wno-shadow -Wno-unused-parameter -Wno-unused-local-typedefs -Wno-sign-compare -Wno-sign-promo -Wno-undef -Wno-ignored-qualifiers -Wno-extra -Wno-unused-function -Wno-unused-const-variable -Wno-invalid-offsetof  -O3 -DNDEBUG  -DNDEBUG -fPIE   -Wno-enum-compare-switch -std=c++11 -o CMakeFiles/cmTC_a83ea.dir/src.cxx.o -c /home/yukiorigane/catkin_kurione_ws/src/2021_Clione/OpenCV/build/CMakeFiles/CMakeTmp/src.cxx
/home/yukiorigane/catkin_kurione_ws/src/2021_Clione/OpenCV/build/CMakeFiles/CMakeTmp/src.cxx:1:0: warning: ignoring #pragma   [-Wunknown-pragmas]
 #pragma
 
cc1plus: warning: unrecognized command line option ‘-Wno-enum-compare-switch’
Linking CXX executable cmTC_a83ea
/usr/bin/cmake -E cmake_link_script CMakeFiles/cmTC_a83ea.dir/link.txt --verbose=1
/usr/bin/c++     -fsigned-char -W -Wall -Werror=return-type -Werror=non-virtual-dtor -Werror=address -Werror=sequence-point -Wformat -Werror=format-security -Winit-self -Wpointer-arith -Wuninitialized -Wsuggest-override -Wno-delete-non-virtual-dtor -Wno-comment -Wimplicit-fallthrough=3 -Wno-strict-overflow -fdiagnostics-show-option -Wno-long-long -pthread -fomit-frame-pointer -ffunction-sections -fdata-sections  -msse -msse2 -msse3 -fvisibility=hidden -fvisibility-inlines-hidden -Wno-deprecated -Wno-missing-declarations -Wno-shadow -Wno-unused-parameter -Wno-unused-local-typedefs -Wno-sign-compare -Wno-sign-promo -Wno-undef -Wno-ignored-qualifiers -Wno-extra -Wno-unused-function -Wno-unused-const-variable -Wno-invalid-offsetof  -O3 -DNDEBUG  -DNDEBUG    -Wl,--gc-sections -Wl,--as-needed  CMakeFiles/cmTC_a83ea.dir/src.cxx.o  -o cmTC_a83ea 
make[1]: ディレクトリ '/home/yukiorigane/catkin_kurione_ws/src/2021_Clione/OpenCV/build/CMakeFiles/CMakeTmp' から出ます

===== END =====

Determining if the include file sys/videoio.h exists failed with the following output:
Change Dir: /home/yukiorigane/catkin_kurione_ws/src/2021_Clione/OpenCV/build/CMakeFiles/CMakeTmp

Run Build Command:"/usr/bin/make" "cmTC_065e2/fast"
/usr/bin/make -f CMakeFiles/cmTC_065e2.dir/build.make CMakeFiles/cmTC_065e2.dir/build
make[1]: ディレクトリ '/home/yukiorigane/catkin_kurione_ws/src/2021_Clione/OpenCV/build/CMakeFiles/CMakeTmp' に入ります
Building C object CMakeFiles/cmTC_065e2.dir/CheckIncludeFile.c.o
/usr/bin/cc   -fsigned-char -W -Wall -Werror=return-type -Werror=address -Werror=sequence-point -Wformat -Werror=format-security -Wmissing-declarations -Wmissing-prototypes -Wstrict-prototypes -Wundef -Winit-self -Wpointer-arith -Wshadow -Wuninitialized -Wno-comment -Wimplicit-fallthrough=3 -Wno-strict-overflow -fdiagnostics-show-option -Wno-long-long -pthread -fomit-frame-pointer -ffunction-sections -fdata-sections  -msse -msse2 -msse3 -fvisibility=hidden  -O3 -DNDEBUG  -DNDEBUG -fPIE   -o CMakeFiles/cmTC_065e2.dir/CheckIncludeFile.c.o   -c /home/yukiorigane/catkin_kurione_ws/src/2021_Clione/OpenCV/build/CMakeFiles/CMakeTmp/CheckIncludeFile.c
/home/yukiorigane/catkin_kurione_ws/src/2021_Clione/OpenCV/build/CMakeFiles/CMakeTmp/CheckIncludeFile.c:1:10: fatal error: sys/videoio.h: そのようなファイルやディレクトリはありません
 #include <sys/videoio.h>
          ^~~~~~~~~~~~~~~
compilation terminated.
CMakeFiles/cmTC_065e2.dir/build.make:65: recipe for target 'CMakeFiles/cmTC_065e2.dir/CheckIncludeFile.c.o' failed
make[1]: *** [CMakeFiles/cmTC_065e2.dir/CheckIncludeFile.c.o] Error 1
make[1]: ディレクトリ '/home/yukiorigane/catkin_kurione_ws/src/2021_Clione/OpenCV/build/CMakeFiles/CMakeTmp' から出ます
Makefile:126: recipe for target 'cmTC_065e2/fast' failed
make: *** [cmTC_065e2/fast] Error 2


Build output check failed:
    Regex: 'unrecognized .*option'
    Output line: 'cc1plus: warning: unrecognized command line option ‘-Wno-unused-private-field’'
Compilation failed:
    source file: '/home/yukiorigane/catkin_kurione_ws/src/2021_Clione/OpenCV/build/CMakeFiles/CMakeTmp/src.cxx'
    check option: ' -Wno-unused-private-field'
===== BUILD LOG =====
Change Dir: /home/yukiorigane/catkin_kurione_ws/src/2021_Clione/OpenCV/build/CMakeFiles/CMakeTmp

Run Build Command:"/usr/bin/make" "cmTC_e6429/fast"
/usr/bin/make -f CMakeFiles/cmTC_e6429.dir/build.make CMakeFiles/cmTC_e6429.dir/build
make[1]: ディレクトリ '/home/yukiorigane/catkin_kurione_ws/src/2021_Clione/OpenCV/build/CMakeFiles/CMakeTmp' に入ります
Building CXX object CMakeFiles/cmTC_e6429.dir/src.cxx.o
/usr/bin/c++    -fsigned-char -W -Wall -Werror=return-type -Werror=non-virtual-dtor -Werror=address -Werror=sequence-point -Wformat -Werror=format-security -Wmissing-declarations -Wundef -Winit-self -Wpointer-arith -Wshadow -Wsign-promo -Wuninitialized -Wsuggest-override -Wno-delete-non-virtual-dtor -Wno-comment -Wimplicit-fallthrough=3 -Wno-strict-overflow -fdiagnostics-show-option -Wno-long-long -pthread -fomit-frame-pointer -ffunction-sections -fdata-sections  -msse -msse2 -msse3 -fvisibility=hidden -fvisibility-inlines-hidden -Wno-unused-function -Wno-deprecated-declarations -Wno-overloaded-virtual  -O3 -DNDEBUG  -DNDEBUG -fPIE   -Wno-unused-private-field -std=c++11 -o CMakeFiles/cmTC_e6429.dir/src.cxx.o -c /home/yukiorigane/catkin_kurione_ws/src/2021_Clione/OpenCV/build/CMakeFiles/CMakeTmp/src.cxx
/home/yukiorigane/catkin_kurione_ws/src/2021_Clione/OpenCV/build/CMakeFiles/CMakeTmp/src.cxx:1:0: warning: ignoring #pragma   [-Wunknown-pragmas]
 #pragma
 
cc1plus: warning: unrecognized command line option ‘-Wno-unused-private-field’
Linking CXX executable cmTC_e6429
/usr/bin/cmake -E cmake_link_script CMakeFiles/cmTC_e6429.dir/link.txt --verbose=1
/usr/bin/c++     -fsigned-char -W -Wall -Werror=return-type -Werror=non-virtual-dtor -Werror=address -Werror=sequence-point -Wformat -Werror=format-security -Wmissing-declarations -Wundef -Winit-self -Wpointer-arith -Wshadow -Wsign-promo -Wuninitialized -Wsuggest-override -Wno-delete-non-virtual-dtor -Wno-comment -Wimplicit-fallthrough=3 -Wno-strict-overflow -fdiagnostics-show-option -Wno-long-long -pthread -fomit-frame-pointer -ffunction-sections -fdata-sections  -msse -msse2 -msse3 -fvisibility=hidden -fvisibility-inlines-hidden -Wno-unused-function -Wno-deprecated-declarations -Wno-overloaded-virtual  -O3 -DNDEBUG  -DNDEBUG    -Wl,--gc-sections -Wl,--as-needed  CMakeFiles/cmTC_e6429.dir/src.cxx.o  -o cmTC_e6429 
make[1]: ディレクトリ '/home/yukiorigane/catkin_kurione_ws/src/2021_Clione/OpenCV/build/CMakeFiles/CMakeTmp' から出ます

===== END =====

